0 info it worked if it ends with ok
1 verbose cli [ 'C:\\Program Files\\nodejs\\node.exe',
1 verbose cli   'C:\\Program Files\\nodejs\\node_modules\\npm\\bin\\npm-cli.js',
1 verbose cli   'run',
1 verbose cli   'build' ]
2 info using npm@3.8.9
3 info using node@v6.2.0
4 verbose run-script [ 'prebuild', 'build', 'postbuild' ]
5 info lifecycle promise-jsonp-s@0.0.1~prebuild: promise-jsonp-s@0.0.1
6 silly lifecycle promise-jsonp-s@0.0.1~prebuild: no script for prebuild, continuing
7 info lifecycle promise-jsonp-s@0.0.1~build: promise-jsonp-s@0.0.1
8 verbose lifecycle promise-jsonp-s@0.0.1~build: unsafe-perm in lifecycle true
9 verbose lifecycle promise-jsonp-s@0.0.1~build: PATH: C:\Program Files\nodejs\node_modules\npm\bin\node-gyp-bin;D:\work\my-npm\promise-jsonp-s\node_modules\.bin;C:\Program Files\nodejs;C:\Users\Administrator\bin;C:\Program Files\Git\mingw64\bin;C:\Program Files\Git\usr\local\bin;C:\Program Files\Git\usr\bin;C:\Program Files\Git\usr\bin;C:\Program Files\Git\mingw64\bin;C:\Program Files\Git\usr\bin;C:\Users\Administrator\bin;C:\Program Files\Ruby23-x64\bin;C:\Ruby23-x64\bin;C:\Program Files (x86)\Rockwell Software\RSCommon;C:\Program Files (x86)\NVIDIA Corporation\PhysX\Common;C:\Windows\system32;C:\Windows;C:\Windows\System32\Wbem;C:\Windows\System32\WindowsPowerShell\v1.0;C:\Program Files\TortoiseSVN\bin;C:\ProgramData\chocolatey\bin;C:\tools\python2;C:\Program Files\Java\jdk1.8.0_112\bin;C:\Program Files\Git\cmd;C:\Program Files (x86)\Yarn\bin;C:\Program Files\nodejs;D:\program-app\android-sdk\tools;D:\program-app\android-sdk\platform-tools;D:\program-app\android-sdk;F:\MongoDB\bin;D:\soft\mysql-5.7.20-winx64\bin;C:\Program Files\Microsoft VS Code\bin;C:\Users\Administrator\AppData\Local\Yarn\bin;C:\Users\Administrator\AppData\Roaming\npm;C:\Program Files\Git\usr\bin\vendor_perl;C:\Program Files\Git\usr\bin\core_perl
10 verbose lifecycle promise-jsonp-s@0.0.1~build: CWD: D:\work\my-npm\promise-jsonp-s
11 silly lifecycle promise-jsonp-s@0.0.1~build: Args: [ '/d /s /c', 'babel promise-jsonp-s.js' ]
12 silly lifecycle promise-jsonp-s@0.0.1~build: Returned: code: 2  signal: null
13 info lifecycle promise-jsonp-s@0.0.1~build: Failed to exec build script
14 verbose stack Error: promise-jsonp-s@0.0.1 build: `babel promise-jsonp-s.js`
14 verbose stack Exit status 2
14 verbose stack     at EventEmitter.<anonymous> (C:\Program Files\nodejs\node_modules\npm\lib\utils\lifecycle.js:245:16)
14 verbose stack     at emitTwo (events.js:106:13)
14 verbose stack     at EventEmitter.emit (events.js:191:7)
14 verbose stack     at ChildProcess.<anonymous> (C:\Program Files\nodejs\node_modules\npm\lib\utils\spawn.js:24:14)
14 verbose stack     at emitTwo (events.js:106:13)
14 verbose stack     at ChildProcess.emit (events.js:191:7)
14 verbose stack     at maybeClose (internal/child_process.js:850:16)
14 verbose stack     at Process.ChildProcess._handle.onexit (internal/child_process.js:215:5)
15 verbose pkgid promise-jsonp-s@0.0.1
16 verbose cwd D:\work\my-npm\promise-jsonp-s
17 error Windows_NT 6.1.7601
18 error argv "C:\\Program Files\\nodejs\\node.exe" "C:\\Program Files\\nodejs\\node_modules\\npm\\bin\\npm-cli.js" "run" "build"
19 error node v6.2.0
20 error npm  v3.8.9
21 error code ELIFECYCLE
22 error promise-jsonp-s@0.0.1 build: `babel promise-jsonp-s.js`
22 error Exit status 2
23 error Failed at the promise-jsonp-s@0.0.1 build script 'babel promise-jsonp-s.js'.
23 error Make sure you have the latest version of node.js and npm installed.
23 error If you do, this is most likely a problem with the promise-jsonp-s package,
23 error not with npm itself.
23 error Tell the author that this fails on your system:
23 error     babel promise-jsonp-s.js
23 error You can get information on how to open an issue for this project with:
23 error     npm bugs promise-jsonp-s
23 error Or if that isn't available, you can get their info via:
23 error     npm owner ls promise-jsonp-s
23 error There is likely additional logging output above.
24 verbose exit [ 1, true ]
